12/4/2014 4:39:04 PM [FileIO.ReadDatabase] Valid Record Count: 0, Invalid Record Count: 0, Total Read Count: 0 - SUCCESS
12/4/2014 4:39:20 PM [FileIO.ReadDatabase] Valid Record Count: 0, Invalid Record Count: 0, Total Read Count: 0 - SUCCESS
12/4/2014 4:39:32 PM [FileIO.WriteDatabase] Valid Record Count: 0, Invalid Record Count: 0, Total Write Count: 0 - FAIL
12/4/2014 4:42:56 PM [FileIO.ReadDatabase] Valid Record Count: 0, Invalid Record Count: 0, Total Read Count: 0 - SUCCESS
12/4/2014 4:44:41 PM [FileIO.ReadDatabase] Valid Record Count: 0, Invalid Record Count: 0, Total Read Count: 0 - SUCCESS
12/4/2014 4:45:35 PM [FileIO.ReadDatabase] Valid Record Count: 0, Invalid Record Count: 0, Total Read Count: 0 - SUCCESS
12/4/2014 4:50:41 PM [FileIO.WriteDatabase] Valid Record Count: 0, Invalid Record Count: 1, Total Write Count: 1 - FAIL
12/4/2014 4:52:38 PM [FileIO.WriteDatabase] Valid Record Count: 0, Invalid Record Count: 2, Total Write Count: 2 - FAIL
12/4/2014 4:52:51 PM [FileIO.ReadDatabase] Valid Record Count: 0, Invalid Record Count: 0, Total Read Count: 0 - SUCCESS
12/4/2014 4:53:25 PM [FileIO.ReadDatabase] Valid Record Count: 0, Invalid Record Count: 0, Total Read Count: 0 - SUCCESS
12/4/2014 4:58:20 PM [FileIO.ReadDatabase] Valid Record Count: 0, Invalid Record Count: 0, Total Read Count: 0 - SUCCESS
12/4/2014 5:00:30 PM [FileIO.WriteDatabase] Valid Record Count: 0, Invalid Record Count: 1, Total Write Count: 1 - FAIL
12/4/2014 5:02:37 PM [FileIO.ReadDatabase] Valid Record Count: 0, Invalid Record Count: 0, Total Read Count: 0 - SUCCESS
12/4/2014 5:18:26 PM [FileIO.WriteDatabase] Valid Record Count: 1, Invalid Record Count: 0, Total Write Count: 1 - FAIL
12/4/2014 5:18:50 PM [FileIO.ReadDatabase] Employee - Ly,Tuan (359 683 117) - SUCCESS
12/4/2014 5:18:50 PM [FileIO.ReadDatabase] Valid Record Count: 1, Invalid Record Count: 0, Total Read Count: 1 - SUCCESS
12/4/2014 5:21:06 PM [FileIO.WriteDatabase] Valid Record Count: 2, Invalid Record Count: 0, Total Write Count: 2 - FAIL
12/4/2014 5:21:36 PM [FileIO.ReadDatabase] Duplicate or empty SIN for Employee - stupid,sekou (157 659 830) - FAIL
12/4/2014 5:21:36 PM [FileIO.ReadDatabase] Valid Record Count: 1, Invalid Record Count: 0, Total Read Count: 1 - SUCCESS
12/4/2014 5:21:52 PM [FileIO.ReadDatabase] Employee - stupid,sekou (157 659 830) - SUCCESS
12/4/2014 5:21:52 PM [FileIO.ReadDatabase] Valid Record Count: 1, Invalid Record Count: 0, Total Read Count: 1 - SUCCESS
12/4/2014 5:24:56 PM [FileIO.ReadDatabase] Employee - stupid,sekou (157 659 830) - SUCCESS
12/4/2014 5:24:56 PM [FileIO.ReadDatabase] Valid Record Count: 1, Invalid Record Count: 0, Total Read Count: 1 - SUCCESS
12/4/2014 5:25:58 PM [FileIO.WriteDatabase] Valid Record Count: 2, Invalid Record Count: 0, Total Write Count: 2 - FAIL
12/4/2014 5:26:23 PM [FileIO.ReadDatabase] Stream reader is null - FAIL
12/4/2014 5:26:36 PM [FileIO.ReadDatabase] Duplicate or empty SIN for Employee - rsyjt,rsaysa (658 758 495) - FAIL
12/4/2014 5:26:36 PM [FileIO.ReadDatabase] Valid Record Count: 1, Invalid Record Count: 0, Total Read Count: 1 - SUCCESS
12/4/2014 5:27:04 PM [FileIO.WriteDatabase] Valid Record Count: 2, Invalid Record Count: 0, Total Write Count: 2 - FAIL
12/4/2014 5:27:11 PM [FileIO.ReadDatabase] Duplicate or empty SIN for Employee - rsyjt,rsaysa (658 758 495) - FAIL
12/4/2014 5:27:11 PM [FileIO.ReadDatabase] Valid Record Count: 1, Invalid Record Count: 0, Total Read Count: 1 - SUCCESS
12/4/2014 5:37:22 PM [FileIO.ReadDatabase] Employee - rsyjt,rsaysa (658 758 495) - SUCCESS
12/4/2014 5:37:22 PM [FileIO.ReadDatabase] Valid Record Count: 1, Invalid Record Count: 0, Total Read Count: 1 - SUCCESS
12/4/2014 5:39:41 PM [FileIO.ReadDatabase] Employee - rsyjt,rsaysa (658 758 495) - SUCCESS
12/4/2014 5:39:41 PM [FileIO.ReadDatabase] Valid Record Count: 1, Invalid Record Count: 0, Total Read Count: 1 - SUCCESS
12/4/2014 5:41:14 PM [FileIO.WriteDatabase] Valid Record Count: 2, Invalid Record Count: 0, Total Write Count: 2 - FAIL
12/4/2014 5:45:00 PM [FileIO.WriteDatabase] Valid Record Count: 2, Invalid Record Count: 0, Total Write Count: 2 - FAIL
12/4/2014 5:45:59 PM [FileIO.WriteDatabase] Valid Record Count: 2, Invalid Record Count: 0, Total Write Count: 2 - FAIL
12/4/2014 5:48:58 PM [FileIO.ReadDatabase] Employee - Ly,Tuan (749 147 468) - SUCCESS
12/4/2014 5:48:58 PM [FileIO.ReadDatabase] Valid Record Count: 1, Invalid Record Count: 0, Total Read Count: 1 - SUCCESS
12/4/2014 5:50:38 PM [FileIO.WriteDatabase] Valid Record Count: 2, Invalid Record Count: 0, Total Write Count: 2 - FAIL
12/4/2014 5:51:10 PM [FileIO.WriteDatabase] Valid Record Count: 2, Invalid Record Count: 0, Total Write Count: 2 - FAIL
12/4/2014 5:52:50 PM [FileIO.ReadDatabase] Employee - Ly,Tuan (792 069 163) - SUCCESS
12/4/2014 5:52:50 PM [FileIO.ReadDatabase] Valid Record Count: 1, Invalid Record Count: 0, Total Read Count: 1 - SUCCESS
12/4/2014 5:54:31 PM [FileIO.ReadDatabase] Employee - Ly,Tuan (792 069 163) - SUCCESS
12/4/2014 5:54:31 PM [FileIO.ReadDatabase] Valid Record Count: 1, Invalid Record Count: 0, Total Read Count: 1 - SUCCESS
12/4/2014 5:57:05 PM [FileIO.WriteDatabase] Valid Record Count: 2, Invalid Record Count: 0, Total Write Count: 2 - FAIL
12/4/2014 6:00:21 PM [FileIO.ReadDatabase] Employee - Linyan,Li (589 121 292) - SUCCESS
12/4/2014 6:00:21 PM [FileIO.ReadDatabase] Valid Record Count: 1, Invalid Record Count: 0, Total Read Count: 1 - SUCCESS
12/4/2014 6:01:32 PM [FileIO.WriteDatabase] Valid Record Count: 2, Invalid Record Count: 0, Total Write Count: 2 - FAIL
12/4/2014 6:07:20 PM [FileIO.WriteDatabase] Valid Record Count: 2, Invalid Record Count: 0, Total Write Count: 2 - FAIL
12/4/2014 6:09:52 PM [FileIO.WriteDatabase] Valid Record Count: 1, Invalid Record Count: 0, Total Write Count: 1 - FAIL
12/4/2014 6:10:10 PM [FileIO.ReadDatabase] Employee - ssafd,sfd (568 107 288) - SUCCESS
12/4/2014 6:10:10 PM [FileIO.ReadDatabase] Valid Record Count: 1, Invalid Record Count: 0, Total Read Count: 1 - SUCCESS
12/4/2014 6:10:44 PM [FileIO.ReadDatabase] Employee - ssafd,sfd (568 107 288) - SUCCESS
12/4/2014 6:10:44 PM [FileIO.ReadDatabase] Valid Record Count: 1, Invalid Record Count: 0, Total Read Count: 1 - SUCCESS
