2014-12-05 2:39:30 PM [FileIO.WriteDatabase] Valid Record Count: 1, Invalid Record Count: 0, Total Write Count: 1 - FAIL
2014-12-05 4:38:33 PM [Container.loadData] Load 0 employee(s) from DB file. - SUCCESS
2014-12-05 4:38:33 PM [FileIO.ReadDatabase] System.ArgumentOutOfRangeException: Index and length must refer to a location within the string.
Parameter name: length
   at System.String.Substring(Int32 startIndex, Int32 length)
   at AllEmployees.FulltimeEmployee.Validate() in c:\Users\Sekou\Documents\GitHub\EMS\EMS\AllEmployees\FulltimeEmployee.cs:line 335
   at Supporting.FileIO.ReadDatabase(Dictionary`2& employees) in c:\Users\Sekou\Documents\GitHub\EMS\EMS\Supporting\FileIO.cs:line 228 - FAIL
2014-12-05 4:39:11 PM [Container.loadData] Load 0 employee(s) from DB file. - SUCCESS
2014-12-05 4:39:11 PM [FileIO.ReadDatabase] System.ArgumentOutOfRangeException: Index and length must refer to a location within the string.
Parameter name: length
   at System.String.Substring(Int32 startIndex, Int32 length)
   at AllEmployees.FulltimeEmployee.Validate() in c:\Users\Sekou\Documents\GitHub\EMS\EMS\AllEmployees\FulltimeEmployee.cs:line 335
   at Supporting.FileIO.ReadDatabase(Dictionary`2& employees) in c:\Users\Sekou\Documents\GitHub\EMS\EMS\Supporting\FileIO.cs:line 228 - FAIL
2014-12-05 4:40:24 PM [Container.loadData] Load 0 employee(s) from DB file. - SUCCESS
2014-12-05 4:40:24 PM [FileIO.ReadDatabase] System.ArgumentOutOfRangeException: Index and length must refer to a location within the string.
Parameter name: length
   at System.String.Substring(Int32 startIndex, Int32 length)
   at AllEmployees.FulltimeEmployee.Validate() in c:\Users\Sekou\Documents\GitHub\EMS\EMS\AllEmployees\FulltimeEmployee.cs:line 335
   at Supporting.FileIO.ReadDatabase(Dictionary`2& employees) in c:\Users\Sekou\Documents\GitHub\EMS\EMS\Supporting\FileIO.cs:line 228 - FAIL
2014-12-05 4:43:56 PM [Container.loadData] Load 0 employee(s) from DB file. - SUCCESS
2014-12-05 4:43:56 PM [FileIO.ReadDatabase] System.Exception: The date of termination is not a valid date

   at AllEmployees.FulltimeEmployee.Validate() in c:\Users\Sekou\Documents\GitHub\EMS\EMS\AllEmployees\FulltimeEmployee.cs:line 390
   at Supporting.FileIO.ReadDatabase(Dictionary`2& employees) in c:\Users\Sekou\Documents\GitHub\EMS\EMS\Supporting\FileIO.cs:line 228 - FAIL
2014-12-05 4:47:49 PM [Container.loadData] Load 0 employee(s) from DB file. - SUCCESS
2014-12-05 4:47:49 PM [FileIO.ReadDatabase] System.Exception: The date of termination is not a valid date

   at AllEmployees.FulltimeEmployee.Validate() in c:\Users\Sekou\Documents\GitHub\EMS\EMS\AllEmployees\FulltimeEmployee.cs:line 390
   at Supporting.FileIO.ReadDatabase(Dictionary`2& employees) in c:\Users\Sekou\Documents\GitHub\EMS\EMS\Supporting\FileIO.cs:line 228 - FAIL
2014-12-05 4:47:54 PM [Container.loadData] Load 0 employee(s) from DB file. - SUCCESS
2014-12-05 4:47:54 PM [FileIO.ReadDatabase] System.Exception: The date of termination is not a valid date

   at AllEmployees.FulltimeEmployee.Validate() in c:\Users\Sekou\Documents\GitHub\EMS\EMS\AllEmployees\FulltimeEmployee.cs:line 390
   at Supporting.FileIO.ReadDatabase(Dictionary`2& employees) in c:\Users\Sekou\Documents\GitHub\EMS\EMS\Supporting\FileIO.cs:line 228 - FAIL
2014-12-05 4:53:06 PM [FileIO.WriteDatabase] Valid Record Count: 1, Invalid Record Count: 0, Total Write Count: 1 - FAIL
2014-12-05 4:53:19 PM [Container.loadData] Load 0 employee(s) from DB file. - SUCCESS
2014-12-05 4:53:19 PM [FileIO.ReadDatabase] Employee - Diaby,Sekou (193 456 787)  - SUCCESS
2014-12-05 4:53:19 PM [FileIO.ReadDatabase] Valid Record Count: 1, Invalid Record Count: 0, Total Read Count: 1 - SUCCESS
